<?xml version="1.0" encoding="UTF-8"?>
<!-- Generated by org.testng.reporters.JUnitReportReporter -->
<testsuite hostname="Rooja-PC" name="compare.CompareAmazonAndFlipkart" tests="1" failures="0" timestamp="31 Jan 2020 13:03:48 GMT" time="24.785" errors="0">
  <testcase name="compareTest" time="24.785" classname="compare.CompareAmazonAndFlipkart"/>
</testsuite> <!-- compare.CompareAmazonAndFlipkart -->
