<?xml version="1.0" encoding="UTF-8"?>
<!-- Generated by org.testng.reporters.JUnitReportReporter -->
<testsuite hostname="Rooja-PC" name="compare.ComparePriceTest" tests="1" failures="0" timestamp="1 Feb 2020 11:38:02 GMT" time="65.531" errors="0">
  <testcase name="comparePriceTest" time="65.531" classname="compare.ComparePriceTest"/>
</testsuite> <!-- compare.ComparePriceTest -->
